2025-01-01 15:07:54,467 INFO o.a.j.u.JMeterUtils: Setting Locale to en_EN
2025-01-01 15:07:54,527 INFO o.a.j.JMeter: Loading user properties from: /home/ec2-user/environment/apache-jmeter-5.6.3/bin/user.properties
2025-01-01 15:07:54,530 INFO o.a.j.JMeter: Loading system properties from: /home/ec2-user/environment/apache-jmeter-5.6.3/bin/system.properties
2025-01-01 15:07:54,531 INFO o.a.j.JMeter: Setting JMeter property: threads=10
2025-01-01 15:07:54,531 INFO o.a.j.JMeter: Setting JMeter property: rampup=10
2025-01-01 15:07:54,531 INFO o.a.j.JMeter: Setting JMeter property: duration=60
2025-01-01 15:07:54,557 INFO o.a.j.JMeter: Copyright (c) 1998-2024 The Apache Software Foundation
2025-01-01 15:07:54,560 INFO o.a.j.JMeter: Version 5.6.3
2025-01-01 15:07:54,560 INFO o.a.j.JMeter: java.version=17.0.13
2025-01-01 15:07:54,560 INFO o.a.j.JMeter: java.vm.name=OpenJDK 64-Bit Server VM
2025-01-01 15:07:54,561 INFO o.a.j.JMeter: os.name=Linux
2025-01-01 15:07:54,561 INFO o.a.j.JMeter: os.arch=amd64
2025-01-01 15:07:54,561 INFO o.a.j.JMeter: os.version=6.1.119-129.201.amzn2023.x86_64
2025-01-01 15:07:54,561 INFO o.a.j.JMeter: file.encoding=UTF-8
2025-01-01 15:07:54,561 INFO o.a.j.JMeter: java.awt.headless=true
2025-01-01 15:07:54,561 INFO o.a.j.JMeter: Max memory     =1073741824
2025-01-01 15:07:54,561 INFO o.a.j.JMeter: Available Processors =2
2025-01-01 15:07:54,584 INFO o.a.j.JMeter: Default Locale=English (EN)
2025-01-01 15:07:54,585 INFO o.a.j.JMeter: JMeter  Locale=English (EN)
2025-01-01 15:07:54,595 INFO o.a.j.JMeter: JMeterHome=/home/ec2-user/environment/apache-jmeter-5.6.3
2025-01-01 15:07:54,595 INFO o.a.j.JMeter: user.dir  =/home/ec2-user/environment/fix-valkeyengine
2025-01-01 15:07:54,595 INFO o.a.j.JMeter: PWD       =/home/ec2-user/environment/fix-valkeyengine
2025-01-01 15:07:54,599 INFO o.a.j.JMeter: IP: 172.31.7.200 Name: ip-172-31-7-200.ec2.internal FullName: ip-172-31-7-200.ec2.internal
2025-01-01 15:07:54,644 INFO o.a.j.JMeter: Setting property 'jmeter.reportgenerator.outputdir' to:'/home/ec2-user/environment/fix-valkeyengine/dashboard'
2025-01-01 15:07:54,654 INFO o.a.j.s.FileServer: Default base='/home/ec2-user/environment/fix-valkeyengine'
2025-01-01 15:07:54,662 INFO o.a.j.s.FileServer: Set new base='/home/ec2-user/environment/fix-valkeyengine'
2025-01-01 15:07:55,476 INFO o.a.j.s.SaveService: Testplan (JMX) version: 2.2. Testlog (JTL) version: 2.2
2025-01-01 15:07:55,564 INFO o.a.j.s.SaveService: Using SaveService properties version 5.0
2025-01-01 15:07:55,598 INFO o.a.j.s.SaveService: Using SaveService properties file encoding UTF-8
2025-01-01 15:07:55,608 INFO o.a.j.s.SaveService: Loading file: valkey_performance_test.ecs.jmx
2025-01-01 15:07:55,794 INFO o.a.j.p.h.s.HTTPSamplerBase: Parser for text/html is org.apache.jmeter.protocol.http.parser.LagartoBasedHtmlParser
2025-01-01 15:07:55,795 INFO o.a.j.p.h.s.HTTPSamplerBase: Parser for application/xhtml+xml is org.apache.jmeter.protocol.http.parser.LagartoBasedHtmlParser
2025-01-01 15:07:55,795 INFO o.a.j.p.h.s.HTTPSamplerBase: Parser for application/xml is org.apache.jmeter.protocol.http.parser.LagartoBasedHtmlParser
2025-01-01 15:07:55,796 INFO o.a.j.p.h.s.HTTPSamplerBase: Parser for text/xml is org.apache.jmeter.protocol.http.parser.LagartoBasedHtmlParser
2025-01-01 15:07:55,796 INFO o.a.j.p.h.s.HTTPSamplerBase: Parser for text/vnd.wap.wml is org.apache.jmeter.protocol.http.parser.RegexpHTMLParser
2025-01-01 15:07:55,796 INFO o.a.j.p.h.s.HTTPSamplerBase: Parser for text/css is org.apache.jmeter.protocol.http.parser.CssParser
2025-01-01 15:07:55,899 INFO o.a.j.JMeter: Creating summariser <summary>
2025-01-01 15:07:55,946 INFO o.a.j.e.StandardJMeterEngine: Running the test!
2025-01-01 15:07:55,950 INFO o.a.j.s.SampleEvent: List of sample_variables: []
2025-01-01 15:07:55,950 INFO o.a.j.s.SampleEvent: List of sample_variables: []
2025-01-01 15:07:55,972 INFO o.a.j.e.u.CompoundVariable: Note: Function class names must contain the string: '.functions.'
2025-01-01 15:07:55,973 INFO o.a.j.e.u.CompoundVariable: Note: Function class names must not contain the string: '.gui.'
2025-01-01 15:07:56,223 INFO o.a.j.JMeter: Running test (1735744076223)
2025-01-01 15:07:56,332 INFO o.a.j.e.StandardJMeterEngine: Starting ThreadGroup: 1 : Mixed Workload
2025-01-01 15:07:56,332 INFO o.a.j.e.StandardJMeterEngine: Starting 10 threads for group Mixed Workload.
2025-01-01 15:07:56,332 INFO o.a.j.e.StandardJMeterEngine: Thread will continue on error
2025-01-01 15:07:56,333 INFO o.a.j.t.ThreadGroup: Starting thread group... number=1 threads=10 ramp-up=10 delayedStart=false
2025-01-01 15:07:56,344 INFO o.a.j.t.JMeterThread: Thread started: Mixed Workload 1-1
2025-01-01 15:07:56,401 INFO o.a.j.t.ThreadGroup: Started thread group number 1
2025-01-01 15:07:56,401 INFO o.a.j.e.StandardJMeterEngine: All thread groups have been started
2025-01-01 15:07:56,407 INFO o.a.j.p.h.s.HTTPHCAbstractImpl: Local host = ip-172-31-7-200.ec2.internal
2025-01-01 15:07:56,422 INFO o.a.j.p.h.s.HTTPHC4Impl: HTTP request retry count = 0
2025-01-01 15:07:56,425 INFO o.a.j.s.SampleResult: Note: Sample TimeStamps are START times
2025-01-01 15:07:56,426 INFO o.a.j.s.SampleResult: sampleresult.default.encoding is set to UTF-8
2025-01-01 15:07:56,426 INFO o.a.j.s.SampleResult: sampleresult.useNanoTime=true
2025-01-01 15:07:56,426 INFO o.a.j.s.SampleResult: sampleresult.nanoThreadSleep=5000
2025-01-01 15:07:57,346 INFO o.a.j.t.JMeterThread: Thread started: Mixed Workload 1-2
2025-01-01 15:07:58,342 INFO o.a.j.t.JMeterThread: Thread started: Mixed Workload 1-3
2025-01-01 15:07:59,340 INFO o.a.j.t.JMeterThread: Thread started: Mixed Workload 1-4
2025-01-01 15:08:00,003 INFO o.a.j.r.Summariser: summary +   3658 in 00:00:04 =  968.5/s Avg:     1 Min:     0 Max:   111 Err:  3658 (100.00%) Active: 4 Started: 4 Finished: 0
2025-01-01 15:08:00,343 INFO o.a.j.t.JMeterThread: Thread started: Mixed Workload 1-5
2025-01-01 15:08:01,349 INFO o.a.j.t.JMeterThread: Thread started: Mixed Workload 1-6
2025-01-01 15:08:02,350 INFO o.a.j.t.JMeterThread: Thread started: Mixed Workload 1-7
2025-01-01 15:08:03,340 INFO o.a.j.t.JMeterThread: Thread started: Mixed Workload 1-8
2025-01-01 15:08:04,340 INFO o.a.j.t.JMeterThread: Thread started: Mixed Workload 1-9
2025-01-01 15:08:05,350 INFO o.a.j.t.JMeterThread: Thread started: Mixed Workload 1-10
2025-01-01 15:08:30,001 INFO o.a.j.r.Summariser: summary + 126016 in 00:00:30 = 4200.5/s Avg:     2 Min:     0 Max:    42 Err: 126016 (100.00%) Active: 10 Started: 10 Finished: 0
2025-01-01 15:08:30,014 INFO o.a.j.r.Summariser: summary = 129674 in 00:00:34 = 3839.1/s Avg:     2 Min:     0 Max:   111 Err: 129674 (100.00%)
2025-01-01 15:08:56,334 INFO o.a.j.t.JMeterThread: Stopping because end time detected by thread: Mixed Workload 1-1
2025-01-01 15:08:56,335 INFO o.a.j.t.JMeterThread: Thread finished: Mixed Workload 1-1
2025-01-01 15:08:56,342 INFO o.a.j.t.JMeterThread: Stopping because end time detected by thread: Mixed Workload 1-2
2025-01-01 15:08:56,343 INFO o.a.j.t.JMeterThread: Thread finished: Mixed Workload 1-2
2025-01-01 15:08:56,352 INFO o.a.j.t.JMeterThread: Stopping because end time detected by thread: Mixed Workload 1-3
2025-01-01 15:08:56,353 INFO o.a.j.t.JMeterThread: Thread finished: Mixed Workload 1-3
2025-01-01 15:08:56,355 INFO o.a.j.t.JMeterThread: Stopping because end time detected by thread: Mixed Workload 1-4
2025-01-01 15:08:56,356 INFO o.a.j.t.JMeterThread: Thread finished: Mixed Workload 1-4
2025-01-01 15:08:56,361 INFO o.a.j.t.JMeterThread: Stopping because end time detected by thread: Mixed Workload 1-5
2025-01-01 15:08:56,361 INFO o.a.j.t.JMeterThread: Thread finished: Mixed Workload 1-5
2025-01-01 15:08:56,361 INFO o.a.j.t.JMeterThread: Stopping because end time detected by thread: Mixed Workload 1-6
2025-01-01 15:08:56,362 INFO o.a.j.t.JMeterThread: Thread finished: Mixed Workload 1-6
2025-01-01 15:08:56,374 INFO o.a.j.t.JMeterThread: Stopping because end time detected by thread: Mixed Workload 1-7
2025-01-01 15:08:56,375 INFO o.a.j.t.JMeterThread: Thread finished: Mixed Workload 1-7
2025-01-01 15:08:56,384 INFO o.a.j.t.JMeterThread: Stopping because end time detected by thread: Mixed Workload 1-8
2025-01-01 15:08:56,384 INFO o.a.j.t.JMeterThread: Thread finished: Mixed Workload 1-8
2025-01-01 15:08:56,390 INFO o.a.j.t.JMeterThread: Stopping because end time detected by thread: Mixed Workload 1-9
2025-01-01 15:08:56,390 INFO o.a.j.t.JMeterThread: Thread finished: Mixed Workload 1-9
2025-01-01 15:08:56,394 INFO o.a.j.t.JMeterThread: Stopping because end time detected by thread: Mixed Workload 1-10
2025-01-01 15:08:56,394 INFO o.a.j.t.JMeterThread: Thread finished: Mixed Workload 1-10
2025-01-01 15:08:56,395 INFO o.a.j.e.StandardJMeterEngine: Notifying test listeners of end of test
2025-01-01 15:08:56,396 INFO o.a.j.r.Summariser: summary + 170559 in 00:00:26 = 6461.8/s Avg:     1 Min:     0 Max:   213 Err: 170559 (100.00%) Active: 0 Started: 10 Finished: 10
2025-01-01 15:08:56,397 INFO o.a.j.r.Summariser: summary = 300233 in 00:01:00 = 4989.5/s Avg:     1 Min:     0 Max:   213 Err: 300233 (100.00%)
